# This is the CMakeCache file.
# For build in directory: /Users/ww5/dev/Testing123/build
# It was generated by CMake: /opt/local/bin/cmake
# You can edit this file to change values found and used by cmake.
# If you do not want to change any of the values, simply exit the editor.
# If you do want to change a value, simply edit, save, and exit the editor.
# The syntax for the file is as follows:
# KEY:TYPE=VALUE
# KEY is the name of a variable in the cache.
# TYPE is a hint to GUIs for the type of VALUE, DO NOT EDIT TYPE!.
# VALUE is the current value for the KEY.

########################
# EXTERNAL cache entries
########################

//INTERNAL
BOTG_SOURCE_DIR:PATH=/Users/ww5/dev/Testing123/external/BootsOnTheGround

//Build shared libraries or not.
BUILD_SHARED_LIBS:BOOL=FALSE

//Build the testing tree.
BUILD_TESTING:BOOL=ON

//Path to a program.
BZRCOMMAND:FILEPATH=BZRCOMMAND-NOTFOUND

//Build examples for the package BootsOnTheGround_GTest.  Set to
// 'ON', 'OFF', or leave empty '' to allow for other logic to decide.
BootsOnTheGround_GTest_ENABLE_EXAMPLES:STRING=

//Build tests for the package BootsOnTheGround_GTest.  Set to 'ON',
// 'OFF', or leave empty '' to allow for other logic to decide.
BootsOnTheGround_GTest_ENABLE_TESTS:STRING=

//Path to a program.
CMAKE_AR:FILEPATH=/Applications/Xcode.app/Contents/Developer/Toolchains/XcodeDefault.xctoolchain/usr/bin/ar

//Choose the type of build, options are: None(CMAKE_CXX_FLAGS or
// CMAKE_C_FLAGS used) Debug Release RelWithDebInfo MinSizeRel.
CMAKE_BUILD_TYPE:STRING=

//Enable/Disable color output during build.
CMAKE_COLOR_MAKEFILE:BOOL=ON

//Override by TriBITS (see TribitsDevelopersGuilde.*)
CMAKE_CONFIGURATION_TYPES:STRING=

//CXX compiler
CMAKE_CXX_COMPILER:FILEPATH=/Applications/Xcode.app/Contents/Developer/Toolchains/XcodeDefault.xctoolchain/usr/bin/c++

//Compiler flags for lang='CXX'
CMAKE_CXX_FLAGS:BOOL= -std=c++11

//Flags used by the compiler during debug builds.
CMAKE_CXX_FLAGS_DEBUG:STRING=-g

//If set to non-empty, will override CMAKE_CXX_FLAGS_DEBUG
CMAKE_CXX_FLAGS_DEBUG_OVERRIDE:STRING=

//Flags used by the compiler during release builds for minimum
// size.
CMAKE_CXX_FLAGS_MINSIZEREL:STRING=-Os -DNDEBUG

//If set to non-empty, will override CMAKE_CXX_FLAGS_MINSIZEREL
CMAKE_CXX_FLAGS_MINSIZEREL_OVERRIDE:STRING=

//If set to non-empty, will override CMAKE_CXX_FLAGS_NONE
CMAKE_CXX_FLAGS_NONE_OVERRIDE:STRING=

//Flags used by the compiler during release builds.
CMAKE_CXX_FLAGS_RELEASE:STRING=-O3 -DNDEBUG

//If set to non-empty, will override CMAKE_CXX_FLAGS_RELEASE
CMAKE_CXX_FLAGS_RELEASE_OVERRIDE:STRING=

//Flags used by the compiler during release builds with debug info.
CMAKE_CXX_FLAGS_RELWITHDEBINFO:STRING=-O2 -g -DNDEBUG

//If set to non-empty, will override CMAKE_CXX_FLAGS_RELWITHDEBINFO
CMAKE_CXX_FLAGS_RELWITHDEBINFO_OVERRIDE:STRING=

//C compiler
CMAKE_C_COMPILER:FILEPATH=/Applications/Xcode.app/Contents/Developer/Toolchains/XcodeDefault.xctoolchain/usr/bin/cc

//Flags used by the compiler during all build types.
CMAKE_C_FLAGS:STRING=

//Flags used by the compiler during debug builds.
CMAKE_C_FLAGS_DEBUG:STRING=-g

//If set to non-empty, will override CMAKE_C_FLAGS_DEBUG
CMAKE_C_FLAGS_DEBUG_OVERRIDE:STRING=

//Flags used by the compiler during release builds for minimum
// size.
CMAKE_C_FLAGS_MINSIZEREL:STRING=-Os -DNDEBUG

//If set to non-empty, will override CMAKE_C_FLAGS_MINSIZEREL
CMAKE_C_FLAGS_MINSIZEREL_OVERRIDE:STRING=

//If set to non-empty, will override CMAKE_C_FLAGS_NONE
CMAKE_C_FLAGS_NONE_OVERRIDE:STRING=

//Flags used by the compiler during release builds.
CMAKE_C_FLAGS_RELEASE:STRING=-O3 -DNDEBUG

//If set to non-empty, will override CMAKE_C_FLAGS_RELEASE
CMAKE_C_FLAGS_RELEASE_OVERRIDE:STRING=

//Flags used by the compiler during release builds with debug info.
CMAKE_C_FLAGS_RELWITHDEBINFO:STRING=-O2 -g -DNDEBUG

//If set to non-empty, will override CMAKE_C_FLAGS_RELWITHDEBINFO
CMAKE_C_FLAGS_RELWITHDEBINFO_OVERRIDE:STRING=

//Flags used by the linker.
CMAKE_EXE_LINKER_FLAGS:STRING=

//Flags used by the linker during debug builds.
CMAKE_EXE_LINKER_FLAGS_DEBUG:STRING=

//Flags used by the linker during release minsize builds.
CMAKE_EXE_LINKER_FLAGS_MINSIZEREL:STRING=

//Flags used by the linker during release builds.
CMAKE_EXE_LINKER_FLAGS_RELEASE:STRING=

//Flags used by the linker during Release with Debug Info builds.
CMAKE_EXE_LINKER_FLAGS_RELWITHDEBINFO:STRING=

//Enable/Disable output of compile commands during generation.
CMAKE_EXPORT_COMPILE_COMMANDS:BOOL=OFF

//Fortran compiler
CMAKE_Fortran_COMPILER:FILEPATH=/usr/local/bin/gfortran

//Compiler flags for lang='Fortran'
CMAKE_Fortran_FLAGS:BOOL= -cpp  -ffree-line-length-none -pthread

//Flags used by the compiler during debug builds.
CMAKE_Fortran_FLAGS_DEBUG:STRING=-g

//If set to non-empty, will override CMAKE_Fortran_FLAGS_DEBUG
CMAKE_Fortran_FLAGS_DEBUG_OVERRIDE:STRING=

//Flags used by the compiler during release builds for minimum
// size.
CMAKE_Fortran_FLAGS_MINSIZEREL:STRING=-Os

//If set to non-empty, will override CMAKE_Fortran_FLAGS_MINSIZEREL
CMAKE_Fortran_FLAGS_MINSIZEREL_OVERRIDE:STRING=

//If set to non-empty, will override CMAKE_Fortran_FLAGS_NONE
CMAKE_Fortran_FLAGS_NONE_OVERRIDE:STRING=

//Flags used by the compiler during release builds.
CMAKE_Fortran_FLAGS_RELEASE:STRING=-O3

//If set to non-empty, will override CMAKE_Fortran_FLAGS_RELEASE
CMAKE_Fortran_FLAGS_RELEASE_OVERRIDE:STRING=

//Flags used by the compiler during release builds with debug info.
CMAKE_Fortran_FLAGS_RELWITHDEBINFO:STRING=-O2 -g -DNDEBUG

//If set to non-empty, will override CMAKE_Fortran_FLAGS_RELWITHDEBINFO
CMAKE_Fortran_FLAGS_RELWITHDEBINFO_OVERRIDE:STRING=

//Path to a program.
CMAKE_INSTALL_NAME_TOOL:FILEPATH=/usr/bin/install_name_tool

//default install path
CMAKE_INSTALL_PREFIX:PATH=/Users/ww5/dev/Testing123/build/INSTALL

//If set to TRUE, then the RPATH for external shared libs will
// be embedded in installed libs and execs.
CMAKE_INSTALL_RPATH_USE_LINK_PATH:BOOL=TRUE

//Path to a program.
CMAKE_LINKER:FILEPATH=/Applications/Xcode.app/Contents/Developer/Toolchains/XcodeDefault.xctoolchain/usr/bin/ld

//Path to a program.
CMAKE_MAKE_PROGRAM:FILEPATH=/opt/local/bin/gmake

//Flags used by the linker during the creation of modules.
CMAKE_MODULE_LINKER_FLAGS:STRING=

//Flags used by the linker during debug builds.
CMAKE_MODULE_LINKER_FLAGS_DEBUG:STRING=

//Flags used by the linker during release minsize builds.
CMAKE_MODULE_LINKER_FLAGS_MINSIZEREL:STRING=

//Flags used by the linker during release builds.
CMAKE_MODULE_LINKER_FLAGS_RELEASE:STRING=

//Flags used by the linker during Release with Debug Info builds.
CMAKE_MODULE_LINKER_FLAGS_RELWITHDEBINFO:STRING=

//Path to a program.
CMAKE_NM:FILEPATH=/Applications/Xcode.app/Contents/Developer/Toolchains/XcodeDefault.xctoolchain/usr/bin/nm

//Path to a program.
CMAKE_OBJCOPY:FILEPATH=CMAKE_OBJCOPY-NOTFOUND

//Path to a program.
CMAKE_OBJDUMP:FILEPATH=CMAKE_OBJDUMP-NOTFOUND

//Build architectures for OSX
CMAKE_OSX_ARCHITECTURES:STRING=

//Minimum OS X version to target for deployment (at runtime); newer
// APIs weak linked. Set to empty string for default value.
CMAKE_OSX_DEPLOYMENT_TARGET:STRING=

//The product will be built against the headers and libraries located
// inside the indicated SDK.
CMAKE_OSX_SYSROOT:STRING=

//Value Computed by CMake
CMAKE_PROJECT_NAME:STATIC=project-Testing123

//Path to a program.
CMAKE_RANLIB:FILEPATH=/Applications/Xcode.app/Contents/Developer/Toolchains/XcodeDefault.xctoolchain/usr/bin/ranlib

//Flags used by the linker during the creation of dll's.
CMAKE_SHARED_LINKER_FLAGS:STRING=

//Flags used by the linker during debug builds.
CMAKE_SHARED_LINKER_FLAGS_DEBUG:STRING=

//Flags used by the linker during release minsize builds.
CMAKE_SHARED_LINKER_FLAGS_MINSIZEREL:STRING=

//Flags used by the linker during release builds.
CMAKE_SHARED_LINKER_FLAGS_RELEASE:STRING=

//Flags used by the linker during Release with Debug Info builds.
CMAKE_SHARED_LINKER_FLAGS_RELWITHDEBINFO:STRING=

//If set, runtime paths are not added when installing shared libraries,
// but are added when building.
CMAKE_SKIP_INSTALL_RPATH:BOOL=NO

//If set, runtime paths are not added when using shared libraries.
CMAKE_SKIP_RPATH:BOOL=NO

//Flags used by the linker during the creation of static libraries.
CMAKE_STATIC_LINKER_FLAGS:STRING=

//Flags used by the linker during debug builds.
CMAKE_STATIC_LINKER_FLAGS_DEBUG:STRING=

//Flags used by the linker during release minsize builds.
CMAKE_STATIC_LINKER_FLAGS_MINSIZEREL:STRING=

//Flags used by the linker during release builds.
CMAKE_STATIC_LINKER_FLAGS_RELEASE:STRING=

//Flags used by the linker during Release with Debug Info builds.
CMAKE_STATIC_LINKER_FLAGS_RELWITHDEBINFO:STRING=

//Path to a program.
CMAKE_STRIP:FILEPATH=/Applications/Xcode.app/Contents/Developer/Toolchains/XcodeDefault.xctoolchain/usr/bin/strip

//If this value is on, makefiles will be generated without the
// .SILENT directive, and all commands will be echoed to the console
// during the make.  This is useful for debugging only. With Visual
// Studio IDE projects all commands are done without /nologo.
CMAKE_VERBOSE_MAKEFILE:BOOL=FALSE

//Path to the coverage program that CTest uses for performing coverage
// inspection
COVERAGE_COMMAND:FILEPATH=/usr/bin/gcov

//Extra command line flags to pass to the coverage tool
COVERAGE_EXTRA_FLAGS:STRING=-l

//Sets CTEST_BUILD_FLAGS on the env before invoking 'ctest -S'.
CTEST_BUILD_FLAGS:STRING=

//Sets CTEST_PARALLEL_LEVEL on the env before invoking 'ctest -S'.
CTEST_PARALLEL_LEVEL:STRING=

//How many times to retry timed-out CTest submissions.
CTEST_SUBMIT_RETRY_COUNT:STRING=3

//How long to wait between timed-out CTest submissions.
CTEST_SUBMIT_RETRY_DELAY:STRING=5

//Path to a program.
CVSCOMMAND:FILEPATH=CVSCOMMAND-NOTFOUND

//Options passed to the cvs update command.
CVS_UPDATE_OPTIONS:STRING=-d -A -P

//Original value set by user reset by TriBITS after scaling
DART_TESTING_TIMEOUT:STRING=1500

//Graphviz Dot tool for using Doxygen
DOXYGEN_DOT_EXECUTABLE:FILEPATH=/opt/local/bin/dot

//Doxygen documentation generation tool (http://www.doxygen.org)
DOXYGEN_EXECUTABLE:FILEPATH=/opt/local/bin/doxygen

//Name mangling to call functions in the provided BLAS library
F77_BLAS_MANGLE:STRING=(name,NAME) name ## _

//Name mangling used to call Fortran 77 functions with no underscores
// in the name
F77_FUNC:STRING=(name,NAME) name ## _

//Name mangling used to call Fortran 77 functions with at least
// one underscore in the name
F77_FUNC_:STRING=(name,NAME) name ## _

//Path to a program.
GITCOMMAND:FILEPATH=/usr/bin/git

//Path to a file.
GTEST_INCLUDE_DIR:PATH=/Users/ww5/.hunter/_Base/4454835/ae73a1c/fdf8a3b/Install/include

//Path to a library.
GTEST_LIBRARY:FILEPATH=/Users/ww5/.hunter/_Base/4454835/ae73a1c/fdf8a3b/Install/lib/libgtest.a

//Path to a library.
GTEST_LIBRARY_DEBUG:FILEPATH=/Users/ww5/.hunter/_Base/4454835/ae73a1c/fdf8a3b/Install/lib/libgtestd.a

//Path to a library.
GTEST_MAIN_LIBRARY:FILEPATH=/Users/ww5/.hunter/_Base/4454835/ae73a1c/fdf8a3b/Install/lib/libgtest_main.a

//Path to a library.
GTEST_MAIN_LIBRARY_DEBUG:FILEPATH=/Users/ww5/.hunter/_Base/4454835/ae73a1c/fdf8a3b/Install/lib/libgtest_maind.a

//The directory containing a CMake configuration file for GTest.
GTest_DIR:PATH=GTest_DIR-NOTFOUND

//Force hunter download of TPL GTest.
GTest_FORCE_HUNTER:BOOL=OFF

//Determines if the variables GTest_[INCLUDE_DIRS,LIBRARY_NAMES,LIBRARY_DIRS]
// should be ignored and the pre-find FIND_PACKAGE(GTest should
// be performed anyway.  But this will *not* do the pre-find if
// any of the TPL_GTest_[INCLUDE_DIRS,LIBRARY_NAMES,LIBRARY_DIRS]
// vars are set.
GTest_FORCE_PRE_FIND_PACKAGE:BOOL=FALSE

//List of semi-colon separated names of libraries needed to link
// to for the TPL GTest.  This list of libraries will be search
// for in FIND_LIBRARY(...) calls along with the directories specified
// with GTest_LIBRARY_DIRS.  NOTE: This is not the final list of
// libraries used for linking.  That is specified by TPL_GTest_LIBRARIES!
GTest_LIBRARY_NAMES:STRING=gtest;gtest_main

//Path to a program.
HGCOMMAND:FILEPATH=/usr/local/bin/hg

//Enable Hunter package manager support
HUNTER_ENABLED:BOOL=ON

//Print a lot info
HUNTER_STATUS_DEBUG:BOOL=OFF

//Print working status
HUNTER_STATUS_PRINT:BOOL=ON

//Command to build the project
MAKECOMMAND:STRING=/opt/local/bin/cmake --build . --config "${CTEST_CONFIGURATION_TYPE}"

//Path to the memory checking command, used for memory error detection.
MEMORYCHECK_COMMAND:FILEPATH=MEMORYCHECK_COMMAND-NOTFOUND

//File that contains suppressions for the memory checker
MEMORYCHECK_SUPPRESSIONS_FILE:FILEPATH=

//Path to a program.
P4COMMAND:FILEPATH=P4COMMAND-NOTFOUND

//Path to a program.
PERL_EXECUTABLE:FILEPATH=/usr/bin/perl

//Path to a program.
PYTHON_EXECUTABLE:FILEPATH=/usr/bin/python

//Value Computed by CMake
Project_BINARY_DIR:STATIC=/Users/ww5/dev/Testing123/build

//Value Computed by CMake
Project_SOURCE_DIR:STATIC=/Users/ww5/dev/Testing123

//Default version of Python to find (must be 2.6 or greater
PythonInterp_FIND_VERSION:STRING=2.6

//Require Python to be found or not.
PythonInterp_MUST_BE_FOUND:BOOL=FALSE

//Path to scp command, used by CTest for submitting results to
// a Dart server
SCPCOMMAND:FILEPATH=/usr/bin/scp

//Name of the computer/site where compile is being run
SITE:STRING=mbpro0092692

//Path to the SLURM sbatch executable
SLURM_SBATCH_COMMAND:FILEPATH=SLURM_SBATCH_COMMAND-NOTFOUND

//Path to the SLURM srun executable
SLURM_SRUN_COMMAND:FILEPATH=SLURM_SRUN_COMMAND-NOTFOUND

//Path to a program.
SVNCOMMAND:FILEPATH=/usr/bin/svn

//Enable support for the TPL BoostFilesystem in all supported project-Testing123
// packages.  This can be set to 'ON', 'OFF', or left empty ''.
TPL_ENABLE_BoostFilesystem:STRING=

//Enable support for the TPL CUrl in all supported project-Testing123
// packages.  This can be set to 'ON', 'OFF', or left empty ''.
TPL_ENABLE_CUrl:STRING=

//Enable support for the TPL Fmt in all supported project-Testing123
// packages.  This can be set to 'ON', 'OFF', or left empty ''.
TPL_ENABLE_Fmt:STRING=

//Enable support for the TPL GFlags in all supported project-Testing123
// packages.  This can be set to 'ON', 'OFF', or left empty ''.
TPL_ENABLE_GFlags:STRING=

//Enable support for the TPL GTest in all supported project-Testing123
// packages.  This can be set to 'ON', 'OFF', or left empty ''.
TPL_ENABLE_GTest:STRING=

//Enable support for the TPL HDF5 in all supported project-Testing123
// packages.  This can be set to 'ON', 'OFF', or left empty ''.
TPL_ENABLE_HDF5:STRING=

//Turn off MPI by default.
TPL_ENABLE_MPI:BOOL=OFF

//Enable support for the TPL NLJson in all supported project-Testing123
// packages.  This can be set to 'ON', 'OFF', or left empty ''.
TPL_ENABLE_NLJson:STRING=

//Enable support for the TPL OpenSSL in all supported project-Testing123
// packages.  This can be set to 'ON', 'OFF', or left empty ''.
TPL_ENABLE_OpenSSL:STRING=

//Enable support for the TPL SZip in all supported project-Testing123
// packages.  This can be set to 'ON', 'OFF', or left empty ''.
TPL_ENABLE_SZip:STRING=

//Enable support for the TPL Spdlog in all supported project-Testing123
// packages.  This can be set to 'ON', 'OFF', or left empty ''.
TPL_ENABLE_Spdlog:STRING=

//Enable support for the TPL ZLib in all supported project-Testing123
// packages.  This can be set to 'ON', 'OFF', or left empty ''.
TPL_ENABLE_ZLib:STRING=

//If ON, then the TPL system will find shared libs if they exist,
// otherwise will only find static libs.
TPL_FIND_SHARED_LIBS:BOOL=ON

//List of semi-colon separated paths to append to the compile invocations
// to find the headers for the TPL GTest.  This is the final variable
// that is used in the build commands.  The user variable GTest_INCLUDE_DIRS
// is used to look for the given headers first but is just a suggestion.
// This variable, however, is the final value and will not be touched.
TPL_GTest_INCLUDE_DIRS:PATH=/Users/ww5/.hunter/_Base/4454835/ae73a1c/fdf8a3b/Install/include

//List of semi-colon separated full paths to the libraries for
// the TPL GTest.  This is the final variable that is used in the
// link commands.  The user variable GTest_LIBRARY_DIRS is used
// to look for the know library names but but is just a suggestion.
// This variable, however, is the final value and will not be touched.
TPL_GTest_LIBRARIES:FILEPATH=/Users/ww5/.hunter/_Base/4454835/ae73a1c/fdf8a3b/Install/lib/libgtest.a;/Users/ww5/.hunter/_Base/4454835/ae73a1c/fdf8a3b/Install/lib/libgtest_main.a

//Build examples for the package Testing123.  Set to 'ON', 'OFF',
// or leave empty '' to allow for other logic to decide.
Testing123_ENABLE_EXAMPLES:STRING=

//Build tests for the package Testing123.  Set to 'ON', 'OFF',
// or leave empty '' to allow for other logic to decide.
Testing123_ENABLE_TESTS:STRING=

//Use XSDK defaults and behavior.
USE_XSDK_DEFAULTS:BOOL=FALSE

//Value Computed by CMake
_BINARY_DIR:STATIC=/Users/ww5/dev/Testing123/build

//Path to a file.
_GTest_gtest/gtest.h_PATH:PATH=/Users/ww5/.hunter/_Base/4454835/ae73a1c/fdf8a3b/Install/include

//Path to a library.
_GTest_gtest_LIBRARY:FILEPATH=/Users/ww5/.hunter/_Base/4454835/ae73a1c/fdf8a3b/Install/lib/libgtest.a

//Path to a library.
_GTest_gtest_main_LIBRARY:FILEPATH=/Users/ww5/.hunter/_Base/4454835/ae73a1c/fdf8a3b/Install/lib/libgtest_main.a

//Value Computed by CMake
_SOURCE_DIR:STATIC=/Users/ww5/dev/Testing123

//Path to a file.
_fcmakelists:FILEPATH=/Users/ww5/dev/Testing123/external/BootsOnTheGround/external/TriBITS/tribits/core/config_tests/fmangle

//Determines if asserts are performed on missing packages or not.
project-Testing123_ASSERT_MISSING_PACKAGES:BOOL=

//Value Computed by CMake
project-Testing123_BINARY_DIR:STATIC=/Users/ww5/dev/Testing123/build

//Output XML file used by CDash in project-Testing123-independent
// format (if not empty).
project-Testing123_CDASH_DEPS_XML_OUTPUT_FILE:STRING=

//Default exec suffix on all platforms (can be overridden by each
// executable added).
project-Testing123_CMAKE_EXECUTABLE_SUFFIX:STRING=.exe

//Name of an optional file that is included first to define any
// cmake options with SET( ... CACHE ...) calls.  NOTE: paths can
// be separated by commas instead of semicolons but paths cannot
// contain commas.
project-Testing123_CONFIGURE_OPTIONS_FILE:FILEPATH=

//Extra arguments to pass to CTest when calling 'ctest -S' to run
// the 'dashboard' make target.
project-Testing123_DASHBOARD_CTEST_ARGS:STRING=-V

//If set to non-null, this is the default directory where package
// dependency files will be written.
project-Testing123_DEPS_DEFAULT_OUTPUT_DIR:FILEPATH=

//HTML project-Testing123 dependenices file that will be written
// to (if not empty).
project-Testing123_DEPS_HTML_OUTPUT_FILE:STRING=

//Output XML file containing project-Testing123 dependenices used
// by tools (if not empty).
project-Testing123_DEPS_XML_OUTPUT_FILE:STRING=

//Disable (and printing warning) for enabled packages that have
// hard-disabled upstream dependencies.  Otherwise, is to raises
// a fatal configure failure.
project-Testing123_DISABLE_ENABLED_FORWARD_DEP_PACKAGES:BOOL=

//Dump the package forwrad dependency information.
project-Testing123_DUMP_FORWARD_PACKAGE_DEPENDENCIES:BOOL=OFF

//Dump the link libraries for every library and executable created.
project-Testing123_DUMP_LINK_LIBS:BOOL=OFF

//Dump the package dependency information.
project-Testing123_DUMP_PACKAGE_DEPENDENCIES:BOOL=OFF

//Elevate all defined ST SE packages to PT packages.
project-Testing123_ELEVATE_ST_TO_PT:BOOL=OFF

//Recursively enable all packages that have required or optional
// dependencies for set of enabled packages.
project-Testing123_ENABLE_ALL_FORWARD_DEP_PACKAGES:BOOL=OFF

//Recursively enable all optional packages for set of enabled packages.
project-Testing123_ENABLE_ALL_OPTIONAL_PACKAGES:BOOL=ON

//Enable all by default
project-Testing123_ENABLE_ALL_PACKAGES:BOOL=ON

//Enable the package BootsOnTheGround.  Set to 'ON', 'OFF', or
// leave empty to allow for other logic to decide.
project-Testing123_ENABLE_BootsOnTheGround:STRING=

//Enable the package BootsOnTheGround_BoostFilesystem.  Set to
// 'ON', 'OFF', or leave empty to allow for other logic to decide.
project-Testing123_ENABLE_BootsOnTheGround_BoostFilesystem:STRING=

//Enable the package BootsOnTheGround_CUrl.  Set to 'ON', 'OFF',
// or leave empty to allow for other logic to decide.
project-Testing123_ENABLE_BootsOnTheGround_CUrl:STRING=

//Enable the package BootsOnTheGround_Fmt.  Set to 'ON', 'OFF',
// or leave empty to allow for other logic to decide.
project-Testing123_ENABLE_BootsOnTheGround_Fmt:STRING=

//Enable the package BootsOnTheGround_GFlags.  Set to 'ON', 'OFF',
// or leave empty to allow for other logic to decide.
project-Testing123_ENABLE_BootsOnTheGround_GFlags:STRING=

//Enable the package BootsOnTheGround_GTest.  Set to 'ON', 'OFF',
// or leave empty to allow for other logic to decide.
project-Testing123_ENABLE_BootsOnTheGround_GTest:STRING=

//Enable the package BootsOnTheGround_HDF5.  Set to 'ON', 'OFF',
// or leave empty to allow for other logic to decide.
project-Testing123_ENABLE_BootsOnTheGround_HDF5:STRING=

//Enable the package BootsOnTheGround_NLJson.  Set to 'ON', 'OFF',
// or leave empty to allow for other logic to decide.
project-Testing123_ENABLE_BootsOnTheGround_NLJson:STRING=

//Enable the package BootsOnTheGround_OpenSSL.  Set to 'ON', 'OFF',
// or leave empty to allow for other logic to decide.
project-Testing123_ENABLE_BootsOnTheGround_OpenSSL:STRING=

//Enable the package BootsOnTheGround_SZip.  Set to 'ON', 'OFF',
// or leave empty to allow for other logic to decide.
project-Testing123_ENABLE_BootsOnTheGround_SZip:STRING=

//Enable the package BootsOnTheGround_Spdlog.  Set to 'ON', 'OFF',
// or leave empty to allow for other logic to decide.
project-Testing123_ENABLE_BootsOnTheGround_Spdlog:STRING=

//Enable the package BootsOnTheGround_ZLib.  Set to 'ON', 'OFF',
// or leave empty to allow for other logic to decide.
project-Testing123_ENABLE_BootsOnTheGround_ZLib:STRING=

//Enable the C compiler and related code
project-Testing123_ENABLE_C:BOOL=ON

//Turn on checked STL checking (e.g. -D_GLIBCXX_DEBUG) or not.
project-Testing123_ENABLE_CHECKED_STL:BOOL=OFF

//If test output complaining about circular references is found,
// then the test will fail.
project-Testing123_ENABLE_CIRCULAR_REF_DETECTION_FAILURE:BOOL=OFF

//Enable debug checking of the process which finds errors in the
// project's CMake files (off by default unless project-Testing123_ENABLE_DEBUG=ON).
project-Testing123_ENABLE_CONFIGURE_DEBUG:BOOL=OFF

//Set to 'ON' to see configure times (Unix/Linux systems only)
project-Testing123_ENABLE_CONFIGURE_TIMING:BOOL=FALSE

//Enable support for coverage testing by setting needed compiler/linker
// options.
project-Testing123_ENABLE_COVERAGE_TESTING:BOOL=OFF

//Enable support for creating a distribution using CPack
project-Testing123_ENABLE_CPACK_PACKAGING:BOOL=OFF

//Enable the C++ compiler and related code
project-Testing123_ENABLE_CXX:BOOL=ON

//Enable the C++11 compiler options and related code (see project-Testing123_CXX11_FLAGS)
project-Testing123_ENABLE_CXX11:BOOL=OFF

//Enable debug checking for project-Testing123 packages.  Off by
// default unless CMAKE_BUILD_TYPE="DEBUG".
project-Testing123_ENABLE_DEBUG:BOOL=OFF

//Turn on debugging symbols (e.g. -g) or not if not a full debug
// build.
project-Testing123_ENABLE_DEBUG_SYMBOLS:BOOL=OFF

//Determines if a variety of development mode checks are turned
// on by default or not.
project-Testing123_ENABLE_DEVELOPMENT_MODE:BOOL=

//Enable examples in all packages  (set to ON, OFF, or leave empty).
//  If left empty, then this will be set to ON if project-Testing123_ENABLE_TESTS=ON
project-Testing123_ENABLE_EXAMPLES:STRING=

//Enable explicit template instantiation in all packages that support
// it
project-Testing123_ENABLE_EXPLICIT_INSTANTIATION:BOOL=OFF

//Determines if export makefiles will be created and installed.
project-Testing123_ENABLE_EXPORT_MAKEFILES:BOOL=ON

//Enable the Fortran compiler and related code
project-Testing123_ENABLE_Fortran:BOOL=ON

//Enable testing against an installed version of project-Testing123.
project-Testing123_ENABLE_INSTALLATION_TESTING:STRING=OFF

//Determines if project-Testing123Config.cmake and <PACKAGE>Config.cmake
// files are created or not.
project-Testing123_ENABLE_INSTALL_CMAKE_CONFIG_FILES:BOOL=OFF

//Type of testing to pull in extra repositories (Continuous, or
// Nightly)
project-Testing123_ENABLE_KNOWN_EXTERNAL_REPOS_TYPE:STRING=

//Build with OpenMP support.
project-Testing123_ENABLE_OpenMP:BOOL=OFF

//Set to 'ON' to see configure times for individual packages
project-Testing123_ENABLE_PACKAGE_CONFIGURE_TIMING:BOOL=FALSE

//Allow Secondary Tested (ST) packages and code to be implicitly
// enabled.
project-Testing123_ENABLE_SECONDARY_TESTED_CODE:BOOL=OFF

//Turn ON or OFF shadowing warnings for all packages where strong
// warnings have not been explicitly disabled.  Setting the empty
// '' let's each package decide.
project-Testing123_ENABLE_SHADOW_WARNINGS:STRING=

//Enable strong compiler warnings for C++ code for supported compilers.
project-Testing123_ENABLE_STRONG_CXX_COMPILE_WARNINGS:BOOL=

//Enable strong compiler warnings for C code for supported compilers.
project-Testing123_ENABLE_STRONG_C_COMPILE_WARNINGS:BOOL=

//Enable support for Teuchos Time Monitors in all Trilinos packages
// that support it.
project-Testing123_ENABLE_TEUCHOS_TIME_MONITOR:BOOL=ON

//Enable the package Testing123.  Set to 'ON', 'OFF', or leave
// empty to allow for other logic to decide.
project-Testing123_ENABLE_Testing123:STRING=

//Excluded disabled packages from the CPack-generated distribution.
project-Testing123_EXCLUDE_DISABLED_SUBPACKAGES_FROM_DISTRIBUTION:BOOL=TRUE

//File containing the list of extra repositories containing add-on
// packages to process
project-Testing123_EXTRAREPOS_FILE:STRING=

//Extra flags added to the end of every linked executable
project-Testing123_EXTRA_LINK_FLAGS:STRING=

//List of post-extra repositories that contain extra project-Testing123
// packages.
project-Testing123_EXTRA_REPOSITORIES:STRING=

//Generate packages dependency data-structures needed for dependency
// export files.
project-Testing123_GENERATE_EXPORT_FILE_DEPENDENCIES:BOOL=ON

//Generate a <ProjectName>RepoVersion.txt file.
project-Testing123_GENERATE_REPO_VERSION_FILE:BOOL=OFF

//Show warnings about deprecated code
project-Testing123_HIDE_DEPRECATED_CODE:BOOL=OFF

//Name of the computer/site where compile is being run
project-Testing123_HOSTNAME:STRING=mbpro0092692

//Name used to identify a system system type (defaults to Darwin)
project-Testing123_HOSTTYPE:STRING=Darwin

//Set if to ignore missing extra repositories (or fail hard)
project-Testing123_IGNORE_MISSING_EXTRA_REPOSITORIES:BOOL=FALSE

//Location of an installed version of project-Testing123 that will
// be built against during installation testing
project-Testing123_INSTALLATION_DIR:STRING=

//Location where assorted examples will be installed.  If given
// as a STRING type relative path, it will be relative to /Users/ww5/dev/Testing123/build/INSTALL.
//  If given as an absolute path, it will used as such.  Default
// is 'example'
project-Testing123_INSTALL_EXAMPLE_DIR:PATH=example

//Enable the installation of executables provided by the project-Testing123
// packages.
project-Testing123_INSTALL_EXECUTABLES:BOOL=ON

//Location where the headers will be installed.  If given as a
// STRING type and relative path, it will be relative to /Users/ww5/dev/Testing123/build/INSTALL.
//  If given as an absolute path, it will used as such.  Default
// is 'include'
project-Testing123_INSTALL_INCLUDE_DIR:PATH=include

//Install libraries and headers (default is ON).  NOTE: Shared
// libraries are always installed since they are needed by executables.
project-Testing123_INSTALL_LIBRARIES_AND_HEADERS:BOOL=ON

//Location where the libraries will be installed.  If given as
// a STRING type relative path, it will be relative to /Users/ww5/dev/Testing123/build/INSTALL.
//  If given as an absolute path, it will used as such.  Default
// is 'lib'
project-Testing123_INSTALL_LIB_DIR:PATH=lib

//Location where the runtime DLLs and designated programs will
// be installed.  If given as a STRING type relative path, it will
// be relative to /Users/ww5/dev/Testing123/build/INSTALL.  If
// given as an absolute path, it will used as such.  Default is
// 'bin'
project-Testing123_INSTALL_RUNTIME_DIR:PATH=bin

//Prefix for all project-Testing123 library names. If set to, for
// example, 'prefix_',
//\n    libraries will be named and installed as 'prefix_<libname>.*'.
//  Default is '' (no prefix).
project-Testing123_LIBRARY_NAME_PREFIX:STRING=

//If ON, then the property LINK_SEARCH_START_STATIC will be added
// to all executables.
project-Testing123_LINK_SEARCH_START_STATIC:BOOL=OFF

//List of pre-extra repositories that contain extra project-Testing123
// packages.
project-Testing123_PRE_REPOSITORIES:STRING=

//Relative CPU speed of the computer used to scale performance
// tests (default 1.0).
project-Testing123_REL_CPU_SPEED:STRING=1.0

//Removes all default disables from the packages list.  Used for
// testing etc.
project-Testing123_REMOVE_DEFAULT_PACKAGE_DISABLES:BOOL=OFF

//Scale factor for global DART_TESTING_TIMEOUT and individual test
// TIMEOUT (default 1.0).
project-Testing123_SCALE_TEST_TIMEOUT:STRING=1.0

//If TRUE, then set RPATH on installed binaries will set to project-Testing123_INSTALL_LIB_DIR
// automatically
project-Testing123_SET_INSTALL_RPATH:BOOL=TRUE

//Short-circuit after dependency handling is complete
project-Testing123_SHORTCIRCUIT_AFTER_DEPENDENCY_HANDLING:BOOL=OFF

//Show warnings about deprecated code
project-Testing123_SHOW_DEPRECATED_WARNINGS:BOOL=ON

//Set to 'ON' to see the machine load for advanced tests.
project-Testing123_SHOW_MACHINE_LOAD_IN_TEST:BOOL=OFF

//Set to 'ON' to see start and end date/time for advanced tests.
project-Testing123_SHOW_TEST_START_END_DATE_TIME:BOOL=OFF

//Skip the Fortran/C++ compatibility test
project-Testing123_SKIP_FORTRANCINTERFACE_VERIFY_TEST:BOOL=OFF

//Value Computed by CMake
project-Testing123_SOURCE_DIR:STATIC=/Users/ww5/dev/Testing123

//List of categories of tests to enable: 'BASIC, CONTINUOUS, NIGHTLY,
// HEAVY, WEEKLY, PERFORMANCE' (default `NIGHTLY`).
project-Testing123_TEST_CATEGORIES:STRING=NIGHTLY

//If set TRUE, then 'SYSTEM' will be passed into INCLUDE_DIRECTORIES()
// for TPL includes.
project-Testing123_TPL_SYSTEM_INCLUDE_DIRS:BOOL=FALSE

//Show a configure time trace of every test added or not added
// any why (one line).
project-Testing123_TRACE_ADD_TEST:BOOL=OFF

//Only trace dependency handling.  Don't configure to build anything!
project-Testing123_TRACE_DEPENDENCY_HANDLING_ONLY:BOOL=OFF

//Print out when all of the various files get processed.
project-Testing123_TRACE_FILE_PROCESSING:BOOL=OFF

//TriBITS base directory (default assumes in TriBITS source tree).
project-Testing123_TRIBITS_DIR:PATH=/Users/ww5/dev/Testing123/external/BootsOnTheGround/external/TriBITS/tribits

//Set to empty all package enables (set to OFF at end).
project-Testing123_UNENABLE_ENABLED_PACKAGES:BOOL=OFF

//If set to TRUE, then CMake GNUInstallDris modules is used to
// pick standard install paths by default.
project-Testing123_USE_GNUINSTALLDIRS:BOOL=FALSE

//Make the project-Testing123 configure process verbose.
project-Testing123_VERBOSE_CONFIGURE:BOOL=OFF

//Flags for treating warnings as errors (for all compilers, -Werror
// by default for GNU).  To turn off warnings as errors set to
// ''
project-Testing123_WARNINGS_AS_ERRORS_FLAGS:STRING=

//If set to TRUE, a 'NOTE' is printed for each missing package
// that is ignored.
project-Testing123_WARN_ABOUT_MISSING_EXTERNAL_PACKAGES:BOOL=FALSE


########################
# INTERNAL cache entries
########################

BOTG_TPL_LIST:INTERNAL=GTest;Boost/Filesystem;Spdlog;GFlags;Fmt;NLJson;OpenSSL;ZLib;SZip;HDF5;CUrl
//ADVANCED property for variable: BUILD_TESTING
BUILD_TESTING-ADVANCED:INTERNAL=1
//ADVANCED property for variable: BZRCOMMAND
BZRCOMMAND-ADVANCED:INTERNAL=1
BootsOnTheGround_BoostFilesystem_LIB_OPTIONAL_DEP_PACKAGES:INTERNAL=
BootsOnTheGround_BoostFilesystem_LIB_REQUIRED_DEP_PACKAGES:INTERNAL=
BootsOnTheGround_BoostFilesystem_TEST_OPTIONAL_DEP_PACKAGES:INTERNAL=
BootsOnTheGround_BoostFilesystem_TEST_REQUIRED_DEP_PACKAGES:INTERNAL=
BootsOnTheGround_CUrl_LIB_OPTIONAL_DEP_PACKAGES:INTERNAL=
BootsOnTheGround_CUrl_LIB_REQUIRED_DEP_PACKAGES:INTERNAL=
BootsOnTheGround_CUrl_TEST_OPTIONAL_DEP_PACKAGES:INTERNAL=
BootsOnTheGround_CUrl_TEST_REQUIRED_DEP_PACKAGES:INTERNAL=
BootsOnTheGround_FULL_ENABLED_DEP_PACKAGES:INTERNAL=
BootsOnTheGround_Fmt_LIB_OPTIONAL_DEP_PACKAGES:INTERNAL=
BootsOnTheGround_Fmt_LIB_REQUIRED_DEP_PACKAGES:INTERNAL=
BootsOnTheGround_Fmt_TEST_OPTIONAL_DEP_PACKAGES:INTERNAL=
BootsOnTheGround_Fmt_TEST_REQUIRED_DEP_PACKAGES:INTERNAL=
BootsOnTheGround_GFlags_LIB_OPTIONAL_DEP_PACKAGES:INTERNAL=
BootsOnTheGround_GFlags_LIB_REQUIRED_DEP_PACKAGES:INTERNAL=
BootsOnTheGround_GFlags_TEST_OPTIONAL_DEP_PACKAGES:INTERNAL=
BootsOnTheGround_GFlags_TEST_REQUIRED_DEP_PACKAGES:INTERNAL=
//STRINGS property for variable: BootsOnTheGround_GTest_ENABLE_EXAMPLES
BootsOnTheGround_GTest_ENABLE_EXAMPLES-STRINGS:INTERNAL=;ON;OFF
//STRINGS property for variable: BootsOnTheGround_GTest_ENABLE_TESTS
BootsOnTheGround_GTest_ENABLE_TESTS-STRINGS:INTERNAL=;ON;OFF
BootsOnTheGround_GTest_FULL_ENABLED_DEP_PACKAGES:INTERNAL=
BootsOnTheGround_GTest_LIB_OPTIONAL_DEP_PACKAGES:INTERNAL=
BootsOnTheGround_GTest_LIB_REQUIRED_DEP_PACKAGES:INTERNAL=
BootsOnTheGround_GTest_TEST_OPTIONAL_DEP_PACKAGES:INTERNAL=
BootsOnTheGround_GTest_TEST_REQUIRED_DEP_PACKAGES:INTERNAL=
BootsOnTheGround_HDF5_LIB_OPTIONAL_DEP_PACKAGES:INTERNAL=
BootsOnTheGround_HDF5_LIB_REQUIRED_DEP_PACKAGES:INTERNAL=
BootsOnTheGround_HDF5_TEST_OPTIONAL_DEP_PACKAGES:INTERNAL=
BootsOnTheGround_HDF5_TEST_REQUIRED_DEP_PACKAGES:INTERNAL=
BootsOnTheGround_LIB_OPTIONAL_DEP_PACKAGES:INTERNAL=BootsOnTheGround_GTest;BootsOnTheGround_BoostFilesystem;BootsOnTheGround_Spdlog;BootsOnTheGround_GFlags;BootsOnTheGround_Fmt;BootsOnTheGround_NLJson;BootsOnTheGround_OpenSSL;BootsOnTheGround_ZLib;BootsOnTheGround_SZip;BootsOnTheGround_HDF5;BootsOnTheGround_CUrl
BootsOnTheGround_LIB_REQUIRED_DEP_PACKAGES:INTERNAL=
BootsOnTheGround_NLJson_LIB_OPTIONAL_DEP_PACKAGES:INTERNAL=
BootsOnTheGround_NLJson_LIB_REQUIRED_DEP_PACKAGES:INTERNAL=
BootsOnTheGround_NLJson_TEST_OPTIONAL_DEP_PACKAGES:INTERNAL=
BootsOnTheGround_NLJson_TEST_REQUIRED_DEP_PACKAGES:INTERNAL=
BootsOnTheGround_OpenSSL_LIB_OPTIONAL_DEP_PACKAGES:INTERNAL=
BootsOnTheGround_OpenSSL_LIB_REQUIRED_DEP_PACKAGES:INTERNAL=
BootsOnTheGround_OpenSSL_TEST_OPTIONAL_DEP_PACKAGES:INTERNAL=
BootsOnTheGround_OpenSSL_TEST_REQUIRED_DEP_PACKAGES:INTERNAL=
BootsOnTheGround_SZip_LIB_OPTIONAL_DEP_PACKAGES:INTERNAL=
BootsOnTheGround_SZip_LIB_REQUIRED_DEP_PACKAGES:INTERNAL=
BootsOnTheGround_SZip_TEST_OPTIONAL_DEP_PACKAGES:INTERNAL=
BootsOnTheGround_SZip_TEST_REQUIRED_DEP_PACKAGES:INTERNAL=
BootsOnTheGround_Spdlog_LIB_OPTIONAL_DEP_PACKAGES:INTERNAL=
BootsOnTheGround_Spdlog_LIB_REQUIRED_DEP_PACKAGES:INTERNAL=
BootsOnTheGround_Spdlog_TEST_OPTIONAL_DEP_PACKAGES:INTERNAL=
BootsOnTheGround_Spdlog_TEST_REQUIRED_DEP_PACKAGES:INTERNAL=
BootsOnTheGround_TEST_OPTIONAL_DEP_PACKAGES:INTERNAL=
BootsOnTheGround_TEST_REQUIRED_DEP_PACKAGES:INTERNAL=
BootsOnTheGround_ZLib_LIB_OPTIONAL_DEP_PACKAGES:INTERNAL=
BootsOnTheGround_ZLib_LIB_REQUIRED_DEP_PACKAGES:INTERNAL=
BootsOnTheGround_ZLib_TEST_OPTIONAL_DEP_PACKAGES:INTERNAL=
BootsOnTheGround_ZLib_TEST_REQUIRED_DEP_PACKAGES:INTERNAL=
//ADVANCED property for variable: CMAKE_AR
CMAKE_AR-ADVANCED:INTERNAL=1
//This is the directory where this CMakeCache.txt was created
CMAKE_CACHEFILE_DIR:INTERNAL=/Users/ww5/dev/Testing123/build
//Major version of cmake used to create the current loaded cache
CMAKE_CACHE_MAJOR_VERSION:INTERNAL=3
//Minor version of cmake used to create the current loaded cache
CMAKE_CACHE_MINOR_VERSION:INTERNAL=4
//Patch version of cmake used to create the current loaded cache
CMAKE_CACHE_PATCH_VERSION:INTERNAL=3
//ADVANCED property for variable: CMAKE_COLOR_MAKEFILE
CMAKE_COLOR_MAKEFILE-ADVANCED:INTERNAL=1
//Path to CMake executable.
CMAKE_COMMAND:INTERNAL=/opt/local/bin/cmake
//Path to cpack program executable.
CMAKE_CPACK_COMMAND:INTERNAL=/opt/local/bin/cpack
//ADVANCED property for variable: CMAKE_CTEST_COMMAND
CMAKE_CTEST_COMMAND-ADVANCED:INTERNAL=1
//Path to ctest program executable.
CMAKE_CTEST_COMMAND:INTERNAL=/opt/local/bin/ctest
//ADVANCED property for variable: CMAKE_CXX_COMPILER
CMAKE_CXX_COMPILER-ADVANCED:INTERNAL=1
//ADVANCED property for variable: CMAKE_CXX_FLAGS
CMAKE_CXX_FLAGS-ADVANCED:INTERNAL=1
//ADVANCED property for variable: CMAKE_CXX_FLAGS_DEBUG
CMAKE_CXX_FLAGS_DEBUG-ADVANCED:INTERNAL=1
//ADVANCED property for variable: CMAKE_CXX_FLAGS_MINSIZEREL
CMAKE_CXX_FLAGS_MINSIZEREL-ADVANCED:INTERNAL=1
//ADVANCED property for variable: CMAKE_CXX_FLAGS_RELEASE
CMAKE_CXX_FLAGS_RELEASE-ADVANCED:INTERNAL=1
//ADVANCED property for variable: CMAKE_CXX_FLAGS_RELWITHDEBINFO
CMAKE_CXX_FLAGS_RELWITHDEBINFO-ADVANCED:INTERNAL=1
//ADVANCED property for variable: CMAKE_C_COMPILER
CMAKE_C_COMPILER-ADVANCED:INTERNAL=1
//ADVANCED property for variable: CMAKE_C_FLAGS
CMAKE_C_FLAGS-ADVANCED:INTERNAL=1
//ADVANCED property for variable: CMAKE_C_FLAGS_DEBUG
CMAKE_C_FLAGS_DEBUG-ADVANCED:INTERNAL=1
//ADVANCED property for variable: CMAKE_C_FLAGS_MINSIZEREL
CMAKE_C_FLAGS_MINSIZEREL-ADVANCED:INTERNAL=1
//ADVANCED property for variable: CMAKE_C_FLAGS_RELEASE
CMAKE_C_FLAGS_RELEASE-ADVANCED:INTERNAL=1
//ADVANCED property for variable: CMAKE_C_FLAGS_RELWITHDEBINFO
CMAKE_C_FLAGS_RELWITHDEBINFO-ADVANCED:INTERNAL=1
CMAKE_DEBUG_POSTFIX:INTERNAL=d
//Path to cache edit program executable.
CMAKE_EDIT_COMMAND:INTERNAL=/opt/local/bin/ccmake
//Executable file format
CMAKE_EXECUTABLE_FORMAT:INTERNAL=Unknown
//ADVANCED property for variable: CMAKE_EXE_LINKER_FLAGS
CMAKE_EXE_LINKER_FLAGS-ADVANCED:INTERNAL=1
//ADVANCED property for variable: CMAKE_EXE_LINKER_FLAGS_DEBUG
CMAKE_EXE_LINKER_FLAGS_DEBUG-ADVANCED:INTERNAL=1
//ADVANCED property for variable: CMAKE_EXE_LINKER_FLAGS_MINSIZEREL
CMAKE_EXE_LINKER_FLAGS_MINSIZEREL-ADVANCED:INTERNAL=1
//ADVANCED property for variable: CMAKE_EXE_LINKER_FLAGS_RELEASE
CMAKE_EXE_LINKER_FLAGS_RELEASE-ADVANCED:INTERNAL=1
//ADVANCED property for variable: CMAKE_EXE_LINKER_FLAGS_RELWITHDEBINFO
CMAKE_EXE_LINKER_FLAGS_RELWITHDEBINFO-ADVANCED:INTERNAL=1
//ADVANCED property for variable: CMAKE_EXPORT_COMPILE_COMMANDS
CMAKE_EXPORT_COMPILE_COMMANDS-ADVANCED:INTERNAL=1
//Name of external makefile project generator.
CMAKE_EXTRA_GENERATOR:INTERNAL=
//ADVANCED property for variable: CMAKE_Fortran_COMPILER
CMAKE_Fortran_COMPILER-ADVANCED:INTERNAL=1
//ADVANCED property for variable: CMAKE_Fortran_FLAGS
CMAKE_Fortran_FLAGS-ADVANCED:INTERNAL=1
//ADVANCED property for variable: CMAKE_Fortran_FLAGS_DEBUG
CMAKE_Fortran_FLAGS_DEBUG-ADVANCED:INTERNAL=1
//ADVANCED property for variable: CMAKE_Fortran_FLAGS_MINSIZEREL
CMAKE_Fortran_FLAGS_MINSIZEREL-ADVANCED:INTERNAL=1
//ADVANCED property for variable: CMAKE_Fortran_FLAGS_RELEASE
CMAKE_Fortran_FLAGS_RELEASE-ADVANCED:INTERNAL=1
//ADVANCED property for variable: CMAKE_Fortran_FLAGS_RELWITHDEBINFO
CMAKE_Fortran_FLAGS_RELWITHDEBINFO-ADVANCED:INTERNAL=1
//Name of generator.
CMAKE_GENERATOR:INTERNAL=Unix Makefiles
//Name of generator platform.
CMAKE_GENERATOR_PLATFORM:INTERNAL=
//Name of generator toolset.
CMAKE_GENERATOR_TOOLSET:INTERNAL=
//Source directory with the top level CMakeLists.txt file for this
// project
CMAKE_HOME_DIRECTORY:INTERNAL=/Users/ww5/dev/Testing123
//ADVANCED property for variable: CMAKE_INSTALL_NAME_TOOL
CMAKE_INSTALL_NAME_TOOL-ADVANCED:INTERNAL=1
//ADVANCED property for variable: CMAKE_INSTALL_RPATH_USE_LINK_PATH
CMAKE_INSTALL_RPATH_USE_LINK_PATH-ADVANCED:INTERNAL=1
//ADVANCED property for variable: CMAKE_LINKER
CMAKE_LINKER-ADVANCED:INTERNAL=1
//ADVANCED property for variable: CMAKE_MAKE_PROGRAM
CMAKE_MAKE_PROGRAM-ADVANCED:INTERNAL=1
//ADVANCED property for variable: CMAKE_MODULE_LINKER_FLAGS
CMAKE_MODULE_LINKER_FLAGS-ADVANCED:INTERNAL=1
//ADVANCED property for variable: CMAKE_MODULE_LINKER_FLAGS_DEBUG
CMAKE_MODULE_LINKER_FLAGS_DEBUG-ADVANCED:INTERNAL=1
//ADVANCED property for variable: CMAKE_MODULE_LINKER_FLAGS_MINSIZEREL
CMAKE_MODULE_LINKER_FLAGS_MINSIZEREL-ADVANCED:INTERNAL=1
//ADVANCED property for variable: CMAKE_MODULE_LINKER_FLAGS_RELEASE
CMAKE_MODULE_LINKER_FLAGS_RELEASE-ADVANCED:INTERNAL=1
//ADVANCED property for variable: CMAKE_MODULE_LINKER_FLAGS_RELWITHDEBINFO
CMAKE_MODULE_LINKER_FLAGS_RELWITHDEBINFO-ADVANCED:INTERNAL=1
//ADVANCED property for variable: CMAKE_NM
CMAKE_NM-ADVANCED:INTERNAL=1
//number of local generators
CMAKE_NUMBER_OF_MAKEFILES:INTERNAL=1
//ADVANCED property for variable: CMAKE_OBJCOPY
CMAKE_OBJCOPY-ADVANCED:INTERNAL=1
//ADVANCED property for variable: CMAKE_OBJDUMP
CMAKE_OBJDUMP-ADVANCED:INTERNAL=1
//ADVANCED property for variable: CMAKE_OSX_ARCHITECTURES
CMAKE_OSX_ARCHITECTURES-ADVANCED:INTERNAL=1
//ADVANCED property for variable: CMAKE_OSX_SYSROOT
CMAKE_OSX_SYSROOT-ADVANCED:INTERNAL=1
//ADVANCED property for variable: CMAKE_RANLIB
CMAKE_RANLIB-ADVANCED:INTERNAL=1
CMAKE_RELEASE_POSTFIX:INTERNAL=
//Path to CMake installation.
CMAKE_ROOT:INTERNAL=/opt/local/share/cmake-3.4
//ADVANCED property for variable: CMAKE_SHARED_LINKER_FLAGS
CMAKE_SHARED_LINKER_FLAGS-ADVANCED:INTERNAL=1
//ADVANCED property for variable: CMAKE_SHARED_LINKER_FLAGS_DEBUG
CMAKE_SHARED_LINKER_FLAGS_DEBUG-ADVANCED:INTERNAL=1
//ADVANCED property for variable: CMAKE_SHARED_LINKER_FLAGS_MINSIZEREL
CMAKE_SHARED_LINKER_FLAGS_MINSIZEREL-ADVANCED:INTERNAL=1
//ADVANCED property for variable: CMAKE_SHARED_LINKER_FLAGS_RELEASE
CMAKE_SHARED_LINKER_FLAGS_RELEASE-ADVANCED:INTERNAL=1
//ADVANCED property for variable: CMAKE_SHARED_LINKER_FLAGS_RELWITHDEBINFO
CMAKE_SHARED_LINKER_FLAGS_RELWITHDEBINFO-ADVANCED:INTERNAL=1
//ADVANCED property for variable: CMAKE_SKIP_INSTALL_RPATH
CMAKE_SKIP_INSTALL_RPATH-ADVANCED:INTERNAL=1
//ADVANCED property for variable: CMAKE_SKIP_RPATH
CMAKE_SKIP_RPATH-ADVANCED:INTERNAL=1
//ADVANCED property for variable: CMAKE_STATIC_LINKER_FLAGS
CMAKE_STATIC_LINKER_FLAGS-ADVANCED:INTERNAL=1
//ADVANCED property for variable: CMAKE_STATIC_LINKER_FLAGS_DEBUG
CMAKE_STATIC_LINKER_FLAGS_DEBUG-ADVANCED:INTERNAL=1
//ADVANCED property for variable: CMAKE_STATIC_LINKER_FLAGS_MINSIZEREL
CMAKE_STATIC_LINKER_FLAGS_MINSIZEREL-ADVANCED:INTERNAL=1
//ADVANCED property for variable: CMAKE_STATIC_LINKER_FLAGS_RELEASE
CMAKE_STATIC_LINKER_FLAGS_RELEASE-ADVANCED:INTERNAL=1
//ADVANCED property for variable: CMAKE_STATIC_LINKER_FLAGS_RELWITHDEBINFO
CMAKE_STATIC_LINKER_FLAGS_RELWITHDEBINFO-ADVANCED:INTERNAL=1
//ADVANCED property for variable: CMAKE_STRIP
CMAKE_STRIP-ADVANCED:INTERNAL=1
//uname command
CMAKE_UNAME:INTERNAL=/usr/bin/uname
//ADVANCED property for variable: CMAKE_VERBOSE_MAKEFILE
CMAKE_VERBOSE_MAKEFILE-ADVANCED:INTERNAL=1
//ADVANCED property for variable: COVERAGE_COMMAND
COVERAGE_COMMAND-ADVANCED:INTERNAL=1
//ADVANCED property for variable: COVERAGE_EXTRA_FLAGS
COVERAGE_EXTRA_FLAGS-ADVANCED:INTERNAL=1
//ADVANCED property for variable: CTEST_BUILD_FLAGS
CTEST_BUILD_FLAGS-ADVANCED:INTERNAL=1
//ADVANCED property for variable: CTEST_PARALLEL_LEVEL
CTEST_PARALLEL_LEVEL-ADVANCED:INTERNAL=1
//ADVANCED property for variable: CTEST_SUBMIT_RETRY_COUNT
CTEST_SUBMIT_RETRY_COUNT-ADVANCED:INTERNAL=1
//ADVANCED property for variable: CTEST_SUBMIT_RETRY_DELAY
CTEST_SUBMIT_RETRY_DELAY-ADVANCED:INTERNAL=1
//ADVANCED property for variable: CVSCOMMAND
CVSCOMMAND-ADVANCED:INTERNAL=1
//ADVANCED property for variable: CVS_UPDATE_OPTIONS
CVS_UPDATE_OPTIONS-ADVANCED:INTERNAL=1
//ADVANCED property for variable: DART_TESTING_TIMEOUT
DART_TESTING_TIMEOUT-ADVANCED:INTERNAL=1
//ADVANCED property for variable: DOXYGEN_DOT_EXECUTABLE
DOXYGEN_DOT_EXECUTABLE-ADVANCED:INTERNAL=1
//ADVANCED property for variable: DOXYGEN_EXECUTABLE
DOXYGEN_EXECUTABLE-ADVANCED:INTERNAL=1
//ADVANCED property for variable: F77_BLAS_MANGLE
F77_BLAS_MANGLE-ADVANCED:INTERNAL=1
//ADVANCED property for variable: F77_FUNC
F77_FUNC-ADVANCED:INTERNAL=1
//ADVANCED property for variable: F77_FUNC_
F77_FUNC_-ADVANCED:INTERNAL=1
FC_FN_CASE:INTERNAL=LOWER
FC_FN_UNDERSCORE:INTERNAL=UNDER
FC_FUNC_DEFAULT:INTERNAL=(name,NAME) name ## _
FC_FUNC__DEFAULT:INTERNAL=(name,NAME) name ## _
//Details about finding Doxygen
FIND_PACKAGE_MESSAGE_DETAILS_Doxygen:INTERNAL=[/opt/local/bin/doxygen][v1.8.10()]
//Details about finding GTest
FIND_PACKAGE_MESSAGE_DETAILS_GTest:INTERNAL=[/Users/ww5/.hunter/_Base/4454835/ae73a1c/fdf8a3b/Install/lib/libgtest.a][/Users/ww5/.hunter/_Base/4454835/ae73a1c/fdf8a3b/Install/include][/Users/ww5/.hunter/_Base/4454835/ae73a1c/fdf8a3b/Install/lib/libgtest_main.a][v()]
//Details about finding Perl
FIND_PACKAGE_MESSAGE_DETAILS_Perl:INTERNAL=[/usr/bin/perl][v5.18.2()]
//Details about finding PythonInterp
FIND_PACKAGE_MESSAGE_DETAILS_PythonInterp:INTERNAL=[/usr/bin/python][v2.7.10(2.6)]
//Test FINITE_VALUE_HAVE_GLOBAL_ISINF
FINITE_VALUE_HAVE_GLOBAL_ISINF:INTERNAL=1
//Test FINITE_VALUE_HAVE_GLOBAL_ISNAN
FINITE_VALUE_HAVE_GLOBAL_ISNAN:INTERNAL=1
//Test FINITE_VALUE_HAVE_STD_ISINF
FINITE_VALUE_HAVE_STD_ISINF:INTERNAL=1
//Test FINITE_VALUE_HAVE_STD_ISNAN
FINITE_VALUE_HAVE_STD_ISNAN:INTERNAL=1
//Fortran/CXX compatibility
FortranCInterface_VERIFIED_CXX:INTERNAL=1
//ADVANCED property for variable: GITCOMMAND
GITCOMMAND-ADVANCED:INTERNAL=1
//ADVANCED property for variable: GTEST_INCLUDE_DIR
GTEST_INCLUDE_DIR-ADVANCED:INTERNAL=1
//ADVANCED property for variable: GTEST_LIBRARY
GTEST_LIBRARY-ADVANCED:INTERNAL=1
//ADVANCED property for variable: GTEST_LIBRARY_DEBUG
GTEST_LIBRARY_DEBUG-ADVANCED:INTERNAL=1
//ADVANCED property for variable: GTEST_MAIN_LIBRARY
GTEST_MAIN_LIBRARY-ADVANCED:INTERNAL=1
//ADVANCED property for variable: GTEST_MAIN_LIBRARY_DEBUG
GTEST_MAIN_LIBRARY_DEBUG-ADVANCED:INTERNAL=1
//ADVANCED property for variable: GTest_FORCE_PRE_FIND_PACKAGE
GTest_FORCE_PRE_FIND_PACKAGE-ADVANCED:INTERNAL=1
GTest_FOUND:INTERNAL=TRUE
//ADVANCED property for variable: GTest_INCLUDE_DIRS
GTest_INCLUDE_DIRS-ADVANCED:INTERNAL=1
GTest_INCLUDE_DIRS:INTERNAL=
//ADVANCED property for variable: GTest_LIBRARY_DIRS
GTest_LIBRARY_DIRS-ADVANCED:INTERNAL=1
GTest_LIBRARY_DIRS:INTERNAL=
//ADVANCED property for variable: GTest_LIBRARY_NAMES
GTest_LIBRARY_NAMES-ADVANCED:INTERNAL=1
//Have include inttypes.h
HAVE_INTTYPES_H:INTERNAL=1
//Have include stdint.h
HAVE_STDINT_H:INTERNAL=1
//Have include sys/time.h
HAVE_SYS_TIME_H:INTERNAL=1
//Have include time.h
HAVE_TIME_H:INTERNAL=1
//ADVANCED property for variable: HGCOMMAND
HGCOMMAND-ADVANCED:INTERNAL=1
HUNTER_CACHED_CONFIGURATION_TYPES:INTERNAL=Release;Debug
HUNTER_CACHED_ROOT:INTERNAL=/Users/ww5/.hunter
HUNTER_CONFIG_SHA1:INTERNAL=ae73a1c1901f91c347cfe19341a4a3824b717e71
HUNTER_SHA1:INTERNAL=4454835e9765f1027c1082beebef5cacf80a5fa9
HUNTER_TOOLCHAIN_SHA1:INTERNAL=fdf8a3b80ad02927ff5847b59381bd1708926007
HUNTER_VERSION:INTERNAL=0.17.13
//ADVANCED property for variable: MAKECOMMAND
MAKECOMMAND-ADVANCED:INTERNAL=1
//Test MATH_LIBRARY_IS_SUPPLIED
MATH_LIBRARY_IS_SUPPLIED:INTERNAL=1
//ADVANCED property for variable: MEMORYCHECK_COMMAND
MEMORYCHECK_COMMAND-ADVANCED:INTERNAL=1
//ADVANCED property for variable: MEMORYCHECK_SUPPRESSIONS_FILE
MEMORYCHECK_SUPPRESSIONS_FILE-ADVANCED:INTERNAL=1
//ADVANCED property for variable: P4COMMAND
P4COMMAND-ADVANCED:INTERNAL=1
//ADVANCED property for variable: PERL_EXECUTABLE
PERL_EXECUTABLE-ADVANCED:INTERNAL=1
PROJECT_BINARY_DIR:INTERNAL=/Users/ww5/dev/Testing123/build
PROJECT_SOURCE_DIR:INTERNAL=/Users/ww5/dev/Testing123
//ADVANCED property for variable: PYTHON_EXECUTABLE
PYTHON_EXECUTABLE-ADVANCED:INTERNAL=1
//ADVANCED property for variable: PythonInterp_FIND_VERSION
PythonInterp_FIND_VERSION-ADVANCED:INTERNAL=1
//ADVANCED property for variable: PythonInterp_MUST_BE_FOUND
PythonInterp_MUST_BE_FOUND-ADVANCED:INTERNAL=1
//ADVANCED property for variable: SCPCOMMAND
SCPCOMMAND-ADVANCED:INTERNAL=1
//ADVANCED property for variable: SITE
SITE-ADVANCED:INTERNAL=1
//ADVANCED property for variable: SLURM_SBATCH_COMMAND
SLURM_SBATCH_COMMAND-ADVANCED:INTERNAL=1
//ADVANCED property for variable: SLURM_SRUN_COMMAND
SLURM_SRUN_COMMAND-ADVANCED:INTERNAL=1
//ADVANCED property for variable: SVNCOMMAND
SVNCOMMAND-ADVANCED:INTERNAL=1
//STRINGS property for variable: TPL_ENABLE_BoostFilesystem
TPL_ENABLE_BoostFilesystem-STRINGS:INTERNAL=;ON;OFF
//STRINGS property for variable: TPL_ENABLE_CUrl
TPL_ENABLE_CUrl-STRINGS:INTERNAL=;ON;OFF
//STRINGS property for variable: TPL_ENABLE_Fmt
TPL_ENABLE_Fmt-STRINGS:INTERNAL=;ON;OFF
//STRINGS property for variable: TPL_ENABLE_GFlags
TPL_ENABLE_GFlags-STRINGS:INTERNAL=;ON;OFF
//STRINGS property for variable: TPL_ENABLE_GTest
TPL_ENABLE_GTest-STRINGS:INTERNAL=;ON;OFF
//STRINGS property for variable: TPL_ENABLE_HDF5
TPL_ENABLE_HDF5-STRINGS:INTERNAL=;ON;OFF
//STRINGS property for variable: TPL_ENABLE_NLJson
TPL_ENABLE_NLJson-STRINGS:INTERNAL=;ON;OFF
//STRINGS property for variable: TPL_ENABLE_OpenSSL
TPL_ENABLE_OpenSSL-STRINGS:INTERNAL=;ON;OFF
//STRINGS property for variable: TPL_ENABLE_SZip
TPL_ENABLE_SZip-STRINGS:INTERNAL=;ON;OFF
//STRINGS property for variable: TPL_ENABLE_Spdlog
TPL_ENABLE_Spdlog-STRINGS:INTERNAL=;ON;OFF
//STRINGS property for variable: TPL_ENABLE_ZLib
TPL_ENABLE_ZLib-STRINGS:INTERNAL=;ON;OFF
//ADVANCED property for variable: TPL_FIND_SHARED_LIBS
TPL_FIND_SHARED_LIBS-ADVANCED:INTERNAL=1
//ADVANCED property for variable: TPL_GTest_INCLUDE_DIRS
TPL_GTest_INCLUDE_DIRS-ADVANCED:INTERNAL=1
//ADVANCED property for variable: TPL_GTest_LIBRARIES
TPL_GTest_LIBRARIES-ADVANCED:INTERNAL=1
TPL_GTest_LIBRARY_DIRS:INTERNAL=
TPL_GTest_NOT_FOUND:INTERNAL=FALSE
//STRINGS property for variable: Testing123_ENABLE_EXAMPLES
Testing123_ENABLE_EXAMPLES-STRINGS:INTERNAL=;ON;OFF
//STRINGS property for variable: Testing123_ENABLE_TESTS
Testing123_ENABLE_TESTS-STRINGS:INTERNAL=;ON;OFF
Testing123_FULL_ENABLED_DEP_PACKAGES:INTERNAL=BootsOnTheGround_GTest
Testing123_LIB_OPTIONAL_DEP_PACKAGES:INTERNAL=
Testing123_LIB_REQUIRED_DEP_PACKAGES:INTERNAL=BootsOnTheGround_GTest
Testing123_TEST_OPTIONAL_DEP_PACKAGES:INTERNAL=
Testing123_TEST_REQUIRED_DEP_PACKAGES:INTERNAL=
//ADVANCED property for variable: _GTest_gtest/gtest.h_PATH
_GTest_gtest/gtest.h_PATH-ADVANCED:INTERNAL=1
//ADVANCED property for variable: _GTest_gtest_LIBRARY
_GTest_gtest_LIBRARY-ADVANCED:INTERNAL=1
//ADVANCED property for variable: _GTest_gtest_main_LIBRARY
_GTest_gtest_main_LIBRARY-ADVANCED:INTERNAL=1
//Result of TRY_COMPILE
_fcmngl:INTERNAL=TRUE
//ADVANCED property for variable: project-Testing123_ASSERT_MISSING_PACKAGES
project-Testing123_ASSERT_MISSING_PACKAGES-ADVANCED:INTERNAL=1
//ADVANCED property for variable: project-Testing123_CDASH_DEPS_XML_OUTPUT_FILE
project-Testing123_CDASH_DEPS_XML_OUTPUT_FILE-ADVANCED:INTERNAL=1
//ADVANCED property for variable: project-Testing123_CMAKE_EXECUTABLE_SUFFIX
project-Testing123_CMAKE_EXECUTABLE_SUFFIX-ADVANCED:INTERNAL=1
//ADVANCED property for variable: project-Testing123_DASHBOARD_CTEST_ARGS
project-Testing123_DASHBOARD_CTEST_ARGS-ADVANCED:INTERNAL=1
//ADVANCED property for variable: project-Testing123_DEPS_DEFAULT_OUTPUT_DIR
project-Testing123_DEPS_DEFAULT_OUTPUT_DIR-ADVANCED:INTERNAL=1
//ADVANCED property for variable: project-Testing123_DEPS_HTML_OUTPUT_FILE
project-Testing123_DEPS_HTML_OUTPUT_FILE-ADVANCED:INTERNAL=1
//ADVANCED property for variable: project-Testing123_DEPS_XML_OUTPUT_FILE
project-Testing123_DEPS_XML_OUTPUT_FILE-ADVANCED:INTERNAL=1
//ADVANCED property for variable: project-Testing123_DUMP_FORWARD_PACKAGE_DEPENDENCIES
project-Testing123_DUMP_FORWARD_PACKAGE_DEPENDENCIES-ADVANCED:INTERNAL=1
//ADVANCED property for variable: project-Testing123_DUMP_LINK_LIBS
project-Testing123_DUMP_LINK_LIBS-ADVANCED:INTERNAL=1
//ADVANCED property for variable: project-Testing123_DUMP_PACKAGE_DEPENDENCIES
project-Testing123_DUMP_PACKAGE_DEPENDENCIES-ADVANCED:INTERNAL=1
//ADVANCED property for variable: project-Testing123_ELEVATE_ST_TO_PT
project-Testing123_ELEVATE_ST_TO_PT-ADVANCED:INTERNAL=1
//ADVANCED property for variable: project-Testing123_ENABLE_ALL_FORWARD_DEP_PACKAGES
project-Testing123_ENABLE_ALL_FORWARD_DEP_PACKAGES-ADVANCED:INTERNAL=1
//STRINGS property for variable: project-Testing123_ENABLE_BootsOnTheGround
project-Testing123_ENABLE_BootsOnTheGround-STRINGS:INTERNAL=;ON;OFF
//STRINGS property for variable: project-Testing123_ENABLE_BootsOnTheGround_BoostFilesystem
project-Testing123_ENABLE_BootsOnTheGround_BoostFilesystem-STRINGS:INTERNAL=;ON;OFF
//STRINGS property for variable: project-Testing123_ENABLE_BootsOnTheGround_CUrl
project-Testing123_ENABLE_BootsOnTheGround_CUrl-STRINGS:INTERNAL=;ON;OFF
//STRINGS property for variable: project-Testing123_ENABLE_BootsOnTheGround_Fmt
project-Testing123_ENABLE_BootsOnTheGround_Fmt-STRINGS:INTERNAL=;ON;OFF
//STRINGS property for variable: project-Testing123_ENABLE_BootsOnTheGround_GFlags
project-Testing123_ENABLE_BootsOnTheGround_GFlags-STRINGS:INTERNAL=;ON;OFF
//STRINGS property for variable: project-Testing123_ENABLE_BootsOnTheGround_GTest
project-Testing123_ENABLE_BootsOnTheGround_GTest-STRINGS:INTERNAL=;ON;OFF
//STRINGS property for variable: project-Testing123_ENABLE_BootsOnTheGround_HDF5
project-Testing123_ENABLE_BootsOnTheGround_HDF5-STRINGS:INTERNAL=;ON;OFF
//STRINGS property for variable: project-Testing123_ENABLE_BootsOnTheGround_NLJson
project-Testing123_ENABLE_BootsOnTheGround_NLJson-STRINGS:INTERNAL=;ON;OFF
//STRINGS property for variable: project-Testing123_ENABLE_BootsOnTheGround_OpenSSL
project-Testing123_ENABLE_BootsOnTheGround_OpenSSL-STRINGS:INTERNAL=;ON;OFF
//STRINGS property for variable: project-Testing123_ENABLE_BootsOnTheGround_SZip
project-Testing123_ENABLE_BootsOnTheGround_SZip-STRINGS:INTERNAL=;ON;OFF
//STRINGS property for variable: project-Testing123_ENABLE_BootsOnTheGround_Spdlog
project-Testing123_ENABLE_BootsOnTheGround_Spdlog-STRINGS:INTERNAL=;ON;OFF
//STRINGS property for variable: project-Testing123_ENABLE_BootsOnTheGround_ZLib
project-Testing123_ENABLE_BootsOnTheGround_ZLib-STRINGS:INTERNAL=;ON;OFF
//ADVANCED property for variable: project-Testing123_ENABLE_C
project-Testing123_ENABLE_C-ADVANCED:INTERNAL=1
//ADVANCED property for variable: project-Testing123_ENABLE_CHECKED_STL
project-Testing123_ENABLE_CHECKED_STL-ADVANCED:INTERNAL=1
//ADVANCED property for variable: project-Testing123_ENABLE_CIRCULAR_REF_DETECTION_FAILURE
project-Testing123_ENABLE_CIRCULAR_REF_DETECTION_FAILURE-ADVANCED:INTERNAL=1
//ADVANCED property for variable: project-Testing123_ENABLE_CONFIGURE_TIMING
project-Testing123_ENABLE_CONFIGURE_TIMING-ADVANCED:INTERNAL=1
//ADVANCED property for variable: project-Testing123_ENABLE_COVERAGE_TESTING
project-Testing123_ENABLE_COVERAGE_TESTING-ADVANCED:INTERNAL=1
//ADVANCED property for variable: project-Testing123_ENABLE_CPACK_PACKAGING
project-Testing123_ENABLE_CPACK_PACKAGING-ADVANCED:INTERNAL=1
//ADVANCED property for variable: project-Testing123_ENABLE_CXX
project-Testing123_ENABLE_CXX-ADVANCED:INTERNAL=1
//ADVANCED property for variable: project-Testing123_ENABLE_CXX11
project-Testing123_ENABLE_CXX11-ADVANCED:INTERNAL=1
//ADVANCED property for variable: project-Testing123_ENABLE_DEBUG_SYMBOLS
project-Testing123_ENABLE_DEBUG_SYMBOLS-ADVANCED:INTERNAL=1
//ADVANCED property for variable: project-Testing123_ENABLE_DEVELOPMENT_MODE
project-Testing123_ENABLE_DEVELOPMENT_MODE-ADVANCED:INTERNAL=1
//STRINGS property for variable: project-Testing123_ENABLE_EXAMPLES
project-Testing123_ENABLE_EXAMPLES-STRINGS:INTERNAL=;ON;OFF
//ADVANCED property for variable: project-Testing123_ENABLE_EXPLICIT_INSTANTIATION
project-Testing123_ENABLE_EXPLICIT_INSTANTIATION-ADVANCED:INTERNAL=1
//ADVANCED property for variable: project-Testing123_ENABLE_EXPORT_MAKEFILES
project-Testing123_ENABLE_EXPORT_MAKEFILES-ADVANCED:INTERNAL=1
//ADVANCED property for variable: project-Testing123_ENABLE_INSTALLATION_TESTING
project-Testing123_ENABLE_INSTALLATION_TESTING-ADVANCED:INTERNAL=1
//ADVANCED property for variable: project-Testing123_ENABLE_INSTALL_CMAKE_CONFIG_FILES
project-Testing123_ENABLE_INSTALL_CMAKE_CONFIG_FILES-ADVANCED:INTERNAL=1
//ADVANCED property for variable: project-Testing123_ENABLE_KNOWN_EXTERNAL_REPOS_TYPE
project-Testing123_ENABLE_KNOWN_EXTERNAL_REPOS_TYPE-ADVANCED:INTERNAL=1
//ADVANCED property for variable: project-Testing123_ENABLE_PACKAGE_CONFIGURE_TIMING
project-Testing123_ENABLE_PACKAGE_CONFIGURE_TIMING-ADVANCED:INTERNAL=1
//ADVANCED property for variable: project-Testing123_ENABLE_SECONDARY_TESTED_CODE
project-Testing123_ENABLE_SECONDARY_TESTED_CODE-ADVANCED:INTERNAL=1
//ADVANCED property for variable: project-Testing123_ENABLE_SHADOW_WARNINGS
project-Testing123_ENABLE_SHADOW_WARNINGS-ADVANCED:INTERNAL=1
//STRINGS property for variable: project-Testing123_ENABLE_SHADOW_WARNINGS
project-Testing123_ENABLE_SHADOW_WARNINGS-STRINGS:INTERNAL=;ON;OFF
//ADVANCED property for variable: project-Testing123_ENABLE_STRONG_CXX_COMPILE_WARNINGS
project-Testing123_ENABLE_STRONG_CXX_COMPILE_WARNINGS-ADVANCED:INTERNAL=1
//ADVANCED property for variable: project-Testing123_ENABLE_STRONG_C_COMPILE_WARNINGS
project-Testing123_ENABLE_STRONG_C_COMPILE_WARNINGS-ADVANCED:INTERNAL=1
//STRINGS property for variable: project-Testing123_ENABLE_TESTS
project-Testing123_ENABLE_TESTS-STRINGS:INTERNAL=;ON;OFF
project-Testing123_ENABLE_TESTS:INTERNAL=ON;CACHE;BOOL;Enable all tests by default.
//STRINGS property for variable: project-Testing123_ENABLE_Testing123
project-Testing123_ENABLE_Testing123-STRINGS:INTERNAL=;ON;OFF
project-Testing123_ETI_PACKAGES:INTERNAL=
//ADVANCED property for variable: project-Testing123_EXCLUDE_DISABLED_SUBPACKAGES_FROM_DISTRIBUTION
project-Testing123_EXCLUDE_DISABLED_SUBPACKAGES_FROM_DISTRIBUTION-ADVANCED:INTERNAL=1
//ADVANCED property for variable: project-Testing123_EXTRAREPOS_FILE
project-Testing123_EXTRAREPOS_FILE-ADVANCED:INTERNAL=1
//ADVANCED property for variable: project-Testing123_EXTRA_LINK_FLAGS
project-Testing123_EXTRA_LINK_FLAGS-ADVANCED:INTERNAL=1
//ADVANCED property for variable: project-Testing123_EXTRA_REPOSITORIES
project-Testing123_EXTRA_REPOSITORIES-ADVANCED:INTERNAL=1
//ADVANCED property for variable: project-Testing123_GENERATE_EXPORT_FILE_DEPENDENCIES
project-Testing123_GENERATE_EXPORT_FILE_DEPENDENCIES-ADVANCED:INTERNAL=1
//ADVANCED property for variable: project-Testing123_GENERATE_REPO_VERSION_FILE
project-Testing123_GENERATE_REPO_VERSION_FILE-ADVANCED:INTERNAL=1
//ADVANCED property for variable: project-Testing123_HIDE_DEPRECATED_CODE
project-Testing123_HIDE_DEPRECATED_CODE-ADVANCED:INTERNAL=1
//ADVANCED property for variable: project-Testing123_HOSTNAME
project-Testing123_HOSTNAME-ADVANCED:INTERNAL=1
//ADVANCED property for variable: project-Testing123_HOSTTYPE
project-Testing123_HOSTTYPE-ADVANCED:INTERNAL=1
//ADVANCED property for variable: project-Testing123_IGNORE_MISSING_EXTRA_REPOSITORIES
project-Testing123_IGNORE_MISSING_EXTRA_REPOSITORIES-ADVANCED:INTERNAL=1
project-Testing123_INCLUDE_DIRS:INTERNAL=
//ADVANCED property for variable: project-Testing123_INSTALLATION_DIR
project-Testing123_INSTALLATION_DIR-ADVANCED:INTERNAL=1
//ADVANCED property for variable: project-Testing123_INSTALL_EXAMPLE_DIR
project-Testing123_INSTALL_EXAMPLE_DIR-ADVANCED:INTERNAL=1
//ADVANCED property for variable: project-Testing123_INSTALL_INCLUDE_DIR
project-Testing123_INSTALL_INCLUDE_DIR-ADVANCED:INTERNAL=1
//ADVANCED property for variable: project-Testing123_INSTALL_LIBRARIES_AND_HEADERS
project-Testing123_INSTALL_LIBRARIES_AND_HEADERS-ADVANCED:INTERNAL=1
//ADVANCED property for variable: project-Testing123_INSTALL_LIB_DIR
project-Testing123_INSTALL_LIB_DIR-ADVANCED:INTERNAL=1
//ADVANCED property for variable: project-Testing123_INSTALL_RUNTIME_DIR
project-Testing123_INSTALL_RUNTIME_DIR-ADVANCED:INTERNAL=1
project-Testing123_LIBRARIES:INTERNAL=
project-Testing123_LIBRARY_DIRS:INTERNAL=
//ADVANCED property for variable: project-Testing123_LIBRARY_NAME_PREFIX
project-Testing123_LIBRARY_NAME_PREFIX-ADVANCED:INTERNAL=1
//ADVANCED property for variable: project-Testing123_LINK_SEARCH_START_STATIC
project-Testing123_LINK_SEARCH_START_STATIC-ADVANCED:INTERNAL=1
//ADVANCED property for variable: project-Testing123_PRE_REPOSITORIES
project-Testing123_PRE_REPOSITORIES-ADVANCED:INTERNAL=1
//ADVANCED property for variable: project-Testing123_REL_CPU_SPEED
project-Testing123_REL_CPU_SPEED-ADVANCED:INTERNAL=1
//ADVANCED property for variable: project-Testing123_REMOVE_DEFAULT_PACKAGE_DISABLES
project-Testing123_REMOVE_DEFAULT_PACKAGE_DISABLES-ADVANCED:INTERNAL=1
//ADVANCED property for variable: project-Testing123_SCALE_TEST_TIMEOUT
project-Testing123_SCALE_TEST_TIMEOUT-ADVANCED:INTERNAL=1
//ADVANCED property for variable: project-Testing123_SET_INSTALL_RPATH
project-Testing123_SET_INSTALL_RPATH-ADVANCED:INTERNAL=1
//ADVANCED property for variable: project-Testing123_SHORTCIRCUIT_AFTER_DEPENDENCY_HANDLING
project-Testing123_SHORTCIRCUIT_AFTER_DEPENDENCY_HANDLING-ADVANCED:INTERNAL=1
//ADVANCED property for variable: project-Testing123_SHOW_DEPRECATED_WARNINGS
project-Testing123_SHOW_DEPRECATED_WARNINGS-ADVANCED:INTERNAL=1
//ADVANCED property for variable: project-Testing123_SHOW_MACHINE_LOAD_IN_TEST
project-Testing123_SHOW_MACHINE_LOAD_IN_TEST-ADVANCED:INTERNAL=1
//ADVANCED property for variable: project-Testing123_SHOW_TEST_START_END_DATE_TIME
project-Testing123_SHOW_TEST_START_END_DATE_TIME-ADVANCED:INTERNAL=1
//ADVANCED property for variable: project-Testing123_SKIP_FORTRANCINTERFACE_VERIFY_TEST
project-Testing123_SKIP_FORTRANCINTERFACE_VERIFY_TEST-ADVANCED:INTERNAL=1
//ADVANCED property for variable: project-Testing123_TEST_CATEGORIES
project-Testing123_TEST_CATEGORIES-ADVANCED:INTERNAL=1
//ADVANCED property for variable: project-Testing123_TPL_SYSTEM_INCLUDE_DIRS
project-Testing123_TPL_SYSTEM_INCLUDE_DIRS-ADVANCED:INTERNAL=1
//ADVANCED property for variable: project-Testing123_TRACE_ADD_TEST
project-Testing123_TRACE_ADD_TEST-ADVANCED:INTERNAL=1
//ADVANCED property for variable: project-Testing123_TRACE_DEPENDENCY_HANDLING_ONLY
project-Testing123_TRACE_DEPENDENCY_HANDLING_ONLY-ADVANCED:INTERNAL=1
//ADVANCED property for variable: project-Testing123_TRACE_FILE_PROCESSING
project-Testing123_TRACE_FILE_PROCESSING-ADVANCED:INTERNAL=1
//ADVANCED property for variable: project-Testing123_TRIBITS_DIR
project-Testing123_TRIBITS_DIR-ADVANCED:INTERNAL=1
//ADVANCED property for variable: project-Testing123_UNENABLE_ENABLED_PACKAGES
project-Testing123_UNENABLE_ENABLED_PACKAGES-ADVANCED:INTERNAL=1
//ADVANCED property for variable: project-Testing123_USE_GNUINSTALLDIRS
project-Testing123_USE_GNUINSTALLDIRS-ADVANCED:INTERNAL=1
//ADVANCED property for variable: project-Testing123_VERBOSE_CONFIGURE
project-Testing123_VERBOSE_CONFIGURE-ADVANCED:INTERNAL=1
//ADVANCED property for variable: project-Testing123_WARNINGS_AS_ERRORS_FLAGS
project-Testing123_WARNINGS_AS_ERRORS_FLAGS-ADVANCED:INTERNAL=1
//ADVANCED property for variable: project-Testing123_WARN_ABOUT_MISSING_EXTERNAL_PACKAGES
project-Testing123_WARN_ABOUT_MISSING_EXTERNAL_PACKAGES-ADVANCED:INTERNAL=1

